TN:
SF:credentials/StreamChatApi.credentials.ts
FN:3,(anonymous_0)
FNF:1
FNH:1
FNDA:10,(anonymous_0)
DA:3,1
DA:4,10
DA:5,10
DA:6,10
DA:7,10
LF:5
LH:5
BRF:0
BRH:0
end_of_record
TN:
SF:nodes/StreamChat/StreamChat.node.ts
FN:12,(anonymous_0)
FN:553,(anonymous_1)
FN:590,(anonymous_2)
FN:631,(anonymous_3)
FN:639,(anonymous_4)
FN:647,(anonymous_5)
FN:655,(anonymous_6)
FN:663,(anonymous_7)
FNF:8
FNH:4
FNDA:24,(anonymous_0)
FNDA:12,(anonymous_1)
FNDA:3,(anonymous_2)
FNDA:4,(anonymous_3)
FNDA:0,(anonymous_4)
FNDA:0,(anonymous_5)
FNDA:0,(anonymous_6)
FNDA:0,(anonymous_7)
DA:1,2
DA:10,2
DA:12,2
DA:13,24
DA:554,12
DA:555,12
DA:556,12
DA:558,12
DA:559,12
DA:560,12
DA:564,12
DA:565,12
DA:566,1
DA:567,1
DA:568,11
DA:569,4
DA:570,4
DA:571,3
DA:572,7
DA:573,0
DA:574,0
DA:575,7
DA:576,1
DA:579,1
DA:580,1
DA:581,6
DA:582,1
DA:583,1
DA:585,5
DA:586,2
DA:587,2
DA:588,2
DA:590,3
DA:592,2
DA:593,2
DA:594,3
DA:595,1
DA:596,1
DA:597,1
DA:600,1
DA:601,1
DA:602,2
DA:603,0
DA:604,0
DA:605,0
DA:606,0
DA:607,0
DA:608,2
DA:609,0
DA:610,0
DA:611,0
DA:614,0
DA:615,0
DA:616,2
DA:617,0
DA:618,0
DA:619,0
DA:620,0
DA:621,2
DA:622,0
DA:623,0
DA:624,0
DA:625,0
DA:626,2
DA:627,1
DA:628,1
DA:629,1
DA:631,4
DA:633,1
DA:634,1
DA:635,0
DA:636,0
DA:637,0
DA:639,0
DA:641,0
DA:642,1
DA:643,0
DA:644,0
DA:645,0
DA:647,0
DA:649,0
DA:650,1
DA:651,0
DA:652,0
DA:653,0
DA:655,0
DA:657,0
DA:658,1
DA:659,0
DA:660,0
DA:661,0
DA:663,0
DA:665,0
DA:666,1
DA:667,0
DA:668,0
DA:669,0
DA:670,0
DA:671,1
DA:672,0
DA:673,0
DA:674,0
DA:675,0
DA:676,1
DA:677,0
DA:680,0
DA:683,0
DA:684,0
DA:685,1
DA:686,0
DA:687,0
DA:688,0
DA:691,0
DA:694,0
DA:695,0
DA:696,0
DA:697,1
DA:698,0
DA:699,0
DA:700,0
DA:701,0
DA:702,0
DA:703,0
DA:704,1
DA:705,0
DA:706,0
DA:707,0
DA:708,0
DA:709,0
DA:710,1
DA:711,0
DA:712,0
DA:713,0
DA:714,0
DA:715,0
DA:716,1
DA:717,0
DA:718,0
DA:719,0
DA:720,0
DA:721,0
DA:722,1
DA:723,0
DA:724,0
DA:725,0
DA:726,0
DA:727,0
DA:728,1
DA:729,0
DA:730,0
DA:731,0
DA:732,0
DA:733,0
DA:734,1
DA:735,0
DA:736,0
DA:737,0
DA:738,0
DA:739,0
DA:740,0
DA:741,1
DA:742,0
DA:743,0
DA:744,0
DA:745,0
DA:746,0
DA:747,1
DA:748,0
DA:749,0
DA:750,0
DA:751,0
DA:752,1
DA:753,0
DA:754,0
DA:755,0
DA:756,0
DA:757,1
DA:758,0
DA:759,0
DA:760,0
DA:761,0
DA:762,0
DA:763,1
DA:764,0
DA:765,0
DA:766,0
DA:767,0
DA:768,0
DA:769,0
DA:770,1
DA:771,0
DA:772,0
DA:773,0
DA:774,0
DA:775,0
DA:776,0
DA:777,1
DA:778,0
DA:779,0
DA:780,0
DA:781,0
DA:782,0
DA:783,1
DA:784,0
DA:785,0
DA:786,0
DA:787,0
DA:788,0
DA:789,1
DA:790,0
DA:791,0
DA:792,0
DA:793,0
DA:794,0
DA:795,0
DA:796,0
DA:797,1
DA:798,0
DA:799,0
DA:800,0
DA:801,0
DA:802,0
DA:803,1
DA:804,0
DA:805,0
DA:806,0
DA:807,0
DA:808,0
DA:809,1
DA:810,0
DA:811,0
DA:812,0
DA:813,0
DA:814,1
DA:815,0
DA:816,0
DA:817,0
DA:818,0
DA:821,0
DA:822,0
DA:823,1
DA:824,0
DA:825,0
DA:826,0
DA:827,0
DA:828,1
DA:829,1
DA:830,1
DA:831,1
DA:832,1
DA:833,1
DA:834,0
DA:835,0
DA:836,0
DA:839,0
DA:840,0
DA:841,0
DA:842,0
DA:843,0
DA:844,0
DA:845,0
DA:846,0
DA:847,0
DA:848,0
DA:849,0
DA:850,0
DA:851,0
DA:852,0
DA:853,0
DA:854,0
DA:855,0
DA:857,0
DA:862,9
DA:864,3
DA:865,1
DA:870,2
DA:882,10
LF:277
LH:89
BRDA:565,0,0,1
BRDA:565,0,1,11
BRDA:565,1,0,12
BRDA:565,1,1,7
BRDA:568,2,0,4
BRDA:568,2,1,7
BRDA:568,3,0,11
BRDA:568,3,1,6
BRDA:570,4,0,4
BRDA:570,4,1,0
BRDA:572,5,0,0
BRDA:572,5,1,7
BRDA:572,6,0,7
BRDA:572,6,1,2
BRDA:573,7,0,0
BRDA:573,7,1,0
BRDA:575,8,0,1
BRDA:575,8,1,6
BRDA:575,9,0,7
BRDA:575,9,1,2
BRDA:577,10,0,1
BRDA:577,10,1,0
BRDA:581,11,0,1
BRDA:581,11,1,5
BRDA:581,12,0,6
BRDA:581,12,1,1
BRDA:585,13,0,2
BRDA:585,13,1,3
BRDA:585,14,0,5
BRDA:585,14,1,4
BRDA:592,15,0,1
BRDA:592,15,1,1
BRDA:594,16,0,1
BRDA:594,16,1,2
BRDA:594,17,0,3
BRDA:594,17,1,2
BRDA:598,18,0,1
BRDA:598,18,1,0
BRDA:602,19,0,0
BRDA:602,19,1,2
BRDA:602,20,0,2
BRDA:602,20,1,1
BRDA:608,21,0,0
BRDA:608,21,1,2
BRDA:608,22,0,2
BRDA:608,22,1,1
BRDA:612,23,0,0
BRDA:612,23,1,0
BRDA:616,24,0,0
BRDA:616,24,1,2
BRDA:616,25,0,2
BRDA:616,25,1,1
BRDA:621,26,0,0
BRDA:621,26,1,2
BRDA:621,27,0,2
BRDA:621,27,1,1
BRDA:626,28,0,1
BRDA:626,28,1,1
BRDA:626,29,0,2
BRDA:626,29,1,1
BRDA:634,30,0,0
BRDA:634,30,1,1
BRDA:634,31,0,1
BRDA:634,31,1,0
BRDA:642,32,0,0
BRDA:642,32,1,1
BRDA:642,33,0,1
BRDA:642,33,1,0
BRDA:650,34,0,0
BRDA:650,34,1,1
BRDA:650,35,0,1
BRDA:650,35,1,0
BRDA:658,36,0,0
BRDA:658,36,1,1
BRDA:658,37,0,1
BRDA:658,37,1,0
BRDA:666,38,0,0
BRDA:666,38,1,1
BRDA:666,39,0,1
BRDA:666,39,1,0
BRDA:671,40,0,0
BRDA:671,40,1,1
BRDA:671,41,0,1
BRDA:671,41,1,0
BRDA:676,42,0,0
BRDA:676,42,1,1
BRDA:676,43,0,1
BRDA:676,43,1,0
BRDA:678,44,0,0
BRDA:678,44,1,0
BRDA:681,45,0,0
BRDA:681,45,1,0
BRDA:685,46,0,0
BRDA:685,46,1,1
BRDA:685,47,0,1
BRDA:685,47,1,0
BRDA:689,48,0,0
BRDA:689,48,1,0
BRDA:692,49,0,0
BRDA:692,49,1,0
BRDA:697,50,0,0
BRDA:697,50,1,1
BRDA:697,51,0,1
BRDA:697,51,1,0
BRDA:703,52,0,0
BRDA:703,52,1,0
BRDA:704,53,0,0
BRDA:704,53,1,1
BRDA:704,54,0,1
BRDA:704,54,1,0
BRDA:709,55,0,0
BRDA:709,55,1,0
BRDA:710,56,0,0
BRDA:710,56,1,1
BRDA:710,57,0,1
BRDA:710,57,1,0
BRDA:716,58,0,0
BRDA:716,58,1,1
BRDA:716,59,0,1
BRDA:716,59,1,0
BRDA:722,60,0,0
BRDA:722,60,1,1
BRDA:722,61,0,1
BRDA:722,61,1,0
BRDA:728,62,0,0
BRDA:728,62,1,1
BRDA:728,63,0,1
BRDA:728,63,1,0
BRDA:734,64,0,0
BRDA:734,64,1,1
BRDA:734,65,0,1
BRDA:734,65,1,0
BRDA:741,66,0,0
BRDA:741,66,1,1
BRDA:741,67,0,1
BRDA:741,67,1,0
BRDA:747,68,0,0
BRDA:747,68,1,1
BRDA:747,69,0,1
BRDA:747,69,1,0
BRDA:752,70,0,0
BRDA:752,70,1,1
BRDA:752,71,0,1
BRDA:752,71,1,0
BRDA:757,72,0,0
BRDA:757,72,1,1
BRDA:757,73,0,1
BRDA:757,73,1,0
BRDA:763,74,0,0
BRDA:763,74,1,1
BRDA:763,75,0,1
BRDA:763,75,1,0
BRDA:770,76,0,0
BRDA:770,76,1,1
BRDA:770,77,0,1
BRDA:770,77,1,0
BRDA:777,78,0,0
BRDA:777,78,1,1
BRDA:777,79,0,1
BRDA:777,79,1,0
BRDA:783,80,0,0
BRDA:783,80,1,1
BRDA:783,81,0,1
BRDA:783,81,1,0
BRDA:789,82,0,0
BRDA:789,82,1,1
BRDA:789,83,0,1
BRDA:789,83,1,0
BRDA:797,84,0,0
BRDA:797,84,1,1
BRDA:797,85,0,1
BRDA:797,85,1,0
BRDA:803,86,0,0
BRDA:803,86,1,1
BRDA:803,87,0,1
BRDA:803,87,1,0
BRDA:809,88,0,0
BRDA:809,88,1,1
BRDA:809,89,0,1
BRDA:809,89,1,0
BRDA:814,90,0,0
BRDA:814,90,1,1
BRDA:814,91,0,1
BRDA:814,91,1,0
BRDA:819,92,0,0
BRDA:819,92,1,0
BRDA:823,93,0,0
BRDA:823,93,1,1
BRDA:823,94,0,1
BRDA:823,94,1,0
BRDA:828,95,0,1
BRDA:828,95,1,0
BRDA:828,96,0,1
BRDA:828,96,1,1
BRDA:834,97,0,0
BRDA:834,97,1,0
BRDA:834,98,0,0
BRDA:834,98,1,0
BRDA:837,99,0,0
BRDA:837,99,1,0
BRDA:840,100,0,0
BRDA:840,100,1,0
BRDA:840,101,0,0
BRDA:840,101,1,0
BRDA:843,102,0,0
BRDA:843,102,1,0
BRDA:843,103,0,0
BRDA:843,103,1,0
BRDA:848,104,0,0
BRDA:848,104,1,0
BRDA:848,105,0,0
BRDA:848,105,1,0
BRDA:853,106,0,0
BRDA:853,106,1,0
BRDA:853,107,0,0
BRDA:853,107,1,0
BRDA:864,108,0,1
BRDA:864,108,1,2
BRF:218
BRH:111
end_of_record
TN:
SF:nodes/StreamChat/helpers.ts
FN:4,getServerClient
FNF:1
FNH:1
FNDA:6,getServerClient
DA:2,3
DA:4,3
DA:5,6
DA:6,5
DA:8,2
LF:5
LH:5
BRDA:6,0,0,3
BRDA:6,1,0,5
BRDA:6,1,1,3
BRDA:6,2,0,1
BRDA:6,2,1,4
BRDA:6,3,0,5
BRDA:6,3,1,4
BRDA:6,4,0,0
BRDA:6,4,1,3
BRDA:6,5,0,3
BRDA:6,5,1,3
BRF:11
BRH:10
end_of_record
